{"/Users/simoncoope/code/personal/AlexaSkills.WhoIsRight/src/intentHandler.js":{"path":"/Users/simoncoope/code/personal/AlexaSkills.WhoIsRight/src/intentHandler.js","s":{"1":1,"2":1,"3":1,"4":1,"5":1,"6":1,"7":1,"8":1,"9":1,"10":4,"11":4,"12":4,"13":4,"14":2,"15":2,"16":2,"17":2,"18":2,"19":2,"20":2,"21":2,"22":2,"23":4,"24":1,"25":2,"26":2,"27":1,"28":2,"29":2,"30":1,"31":3,"32":1,"33":1,"34":1},"b":{"1":[2,2],"2":[4,3],"3":[0,2],"4":[0,2]},"f":{"1":1,"2":4,"3":2,"4":2,"5":3,"6":1},"fnMap":{"1":{"name":"(anonymous_1)","line":8,"loc":{"start":{"line":8,"column":23},"end":{"line":8,"column":52}}},"2":{"name":"(anonymous_2)","line":14,"loc":{"start":{"line":14,"column":27},"end":{"line":14,"column":55}}},"3":{"name":"(anonymous_3)","line":38,"loc":{"start":{"line":38,"column":21},"end":{"line":38,"column":49}}},"4":{"name":"(anonymous_4)","line":43,"loc":{"start":{"line":43,"column":22},"end":{"line":43,"column":61}}},"5":{"name":"(anonymous_5)","line":48,"loc":{"start":{"line":48,"column":21},"end":{"line":48,"column":49}}},"6":{"name":"(anonymous_6)","line":52,"loc":{"start":{"line":52,"column":23},"end":{"line":52,"column":51}}}},"statementMap":{"1":{"start":{"line":1,"column":0},"end":{"line":1,"column":35}},"2":{"start":{"line":2,"column":0},"end":{"line":2,"column":35}},"3":{"start":{"line":4,"column":0},"end":{"line":4,"column":23}},"4":{"start":{"line":5,"column":0},"end":{"line":5,"column":48}},"5":{"start":{"line":6,"column":0},"end":{"line":6,"column":35}},"6":{"start":{"line":8,"column":0},"end":{"line":12,"column":2}},"7":{"start":{"line":10,"column":4},"end":{"line":10,"column":57}},"8":{"start":{"line":11,"column":4},"end":{"line":11,"column":98}},"9":{"start":{"line":14,"column":0},"end":{"line":36,"column":2}},"10":{"start":{"line":15,"column":4},"end":{"line":15,"column":25}},"11":{"start":{"line":16,"column":4},"end":{"line":16,"column":60}},"12":{"start":{"line":17,"column":4},"end":{"line":17,"column":62}},"13":{"start":{"line":19,"column":4},"end":{"line":33,"column":5}},"14":{"start":{"line":21,"column":8},"end":{"line":21,"column":100}},"15":{"start":{"line":22,"column":8},"end":{"line":22,"column":83}},"16":{"start":{"line":25,"column":8},"end":{"line":25,"column":61}},"17":{"start":{"line":26,"column":8},"end":{"line":26,"column":79}},"18":{"start":{"line":27,"column":8},"end":{"line":27,"column":54}},"19":{"start":{"line":28,"column":8},"end":{"line":28,"column":70}},"20":{"start":{"line":29,"column":8},"end":{"line":29,"column":63}},"21":{"start":{"line":31,"column":8},"end":{"line":31,"column":65}},"22":{"start":{"line":32,"column":8},"end":{"line":32,"column":69}},"23":{"start":{"line":35,"column":4},"end":{"line":35,"column":67}},"24":{"start":{"line":38,"column":0},"end":{"line":41,"column":2}},"25":{"start":{"line":39,"column":4},"end":{"line":39,"column":123}},"26":{"start":{"line":40,"column":4},"end":{"line":40,"column":73}},"27":{"start":{"line":43,"column":0},"end":{"line":46,"column":2}},"28":{"start":{"line":44,"column":4},"end":{"line":44,"column":123}},"29":{"start":{"line":45,"column":4},"end":{"line":45,"column":74}},"30":{"start":{"line":48,"column":0},"end":{"line":50,"column":2}},"31":{"start":{"line":49,"column":4},"end":{"line":49,"column":61}},"32":{"start":{"line":52,"column":0},"end":{"line":54,"column":2}},"33":{"start":{"line":53,"column":4},"end":{"line":53,"column":63}},"34":{"start":{"line":56,"column":0},"end":{"line":56,"column":31}}},"branchMap":{"1":{"line":19,"type":"if","locations":[{"start":{"line":19,"column":4},"end":{"line":19,"column":4}},{"start":{"line":19,"column":4},"end":{"line":19,"column":4}}]},"2":{"line":19,"type":"binary-expr","locations":[{"start":{"line":19,"column":7},"end":{"line":19,"column":22}},{"start":{"line":19,"column":26},"end":{"line":19,"column":42}}]},"3":{"line":21,"type":"cond-expr","locations":[{"start":{"line":21,"column":65},"end":{"line":21,"column":80}},{"start":{"line":21,"column":83},"end":{"line":21,"column":99}}]},"4":{"line":22,"type":"cond-expr","locations":[{"start":{"line":22,"column":48},"end":{"line":22,"column":64}},{"start":{"line":22,"column":67},"end":{"line":22,"column":82}}]}}},"/Users/simoncoope/code/personal/AlexaSkills.WhoIsRight/src/prompts.js":{"path":"/Users/simoncoope/code/personal/AlexaSkills.WhoIsRight/src/prompts.js","s":{"1":1,"2":1},"b":{},"f":{},"fnMap":{},"statementMap":{"1":{"start":{"line":3,"column":0},"end":{"line":42,"column":2}},"2":{"start":{"line":44,"column":0},"end":{"line":44,"column":25}}},"branchMap":{}},"/Users/simoncoope/code/personal/AlexaSkills.WhoIsRight/src/utility.js":{"path":"/Users/simoncoope/code/personal/AlexaSkills.WhoIsRight/src/utility.js","s":{"1":1,"2":22,"3":22,"4":32,"5":4,"6":2,"7":2,"8":1},"b":{"1":[32,0],"2":[2,2]},"f":{"1":22,"2":32,"3":4},"fnMap":{"1":{"name":"(anonymous_1)","line":3,"loc":{"start":{"line":3,"column":21},"end":{"line":3,"column":38}}},"2":{"name":"(anonymous_2)","line":5,"loc":{"start":{"line":5,"column":50},"end":{"line":5,"column":74}}},"3":{"name":"(anonymous_3)","line":10,"loc":{"start":{"line":10,"column":22},"end":{"line":10,"column":56}}}},"statementMap":{"1":{"start":{"line":1,"column":0},"end":{"line":16,"column":2}},"2":{"start":{"line":4,"column":16},"end":{"line":4,"column":68}},"3":{"start":{"line":5,"column":16},"end":{"line":7,"column":15}},"4":{"start":{"line":6,"column":16},"end":{"line":6,"column":81}},"5":{"start":{"line":11,"column":8},"end":{"line":13,"column":9}},"6":{"start":{"line":12,"column":12},"end":{"line":12,"column":31}},"7":{"start":{"line":14,"column":8},"end":{"line":14,"column":26}},"8":{"start":{"line":18,"column":0},"end":{"line":18,"column":25}}},"branchMap":{"1":{"line":6,"type":"cond-expr","locations":[{"start":{"line":6,"column":60},"end":{"line":6,"column":72}},{"start":{"line":6,"column":75},"end":{"line":6,"column":80}}]},"2":{"line":11,"type":"if","locations":[{"start":{"line":11,"column":8},"end":{"line":11,"column":8}},{"start":{"line":11,"column":8},"end":{"line":11,"column":8}}]}}},"/Users/simoncoope/code/personal/AlexaSkills.WhoIsRight/src/index.js":{"path":"/Users/simoncoope/code/personal/AlexaSkills.WhoIsRight/src/index.js","s":{"1":1,"2":1,"3":1,"4":1,"5":1,"6":1,"7":1,"8":1,"9":1,"10":1},"b":{},"f":{},"fnMap":{},"statementMap":{"1":{"start":{"line":3,"column":0},"end":{"line":3,"column":33}},"2":{"start":{"line":4,"column":0},"end":{"line":4,"column":38}},"3":{"start":{"line":5,"column":0},"end":{"line":5,"column":47}},"4":{"start":{"line":7,"column":0},"end":{"line":20,"column":29}},"5":{"start":{"line":22,"column":0},"end":{"line":22,"column":33}},"6":{"start":{"line":23,"column":0},"end":{"line":23,"column":32}},"7":{"start":{"line":24,"column":0},"end":{"line":24,"column":52}},"8":{"start":{"line":25,"column":0},"end":{"line":25,"column":52}},"9":{"start":{"line":26,"column":0},"end":{"line":26,"column":56}},"10":{"start":{"line":28,"column":0},"end":{"line":28,"column":21}}},"branchMap":{}}}