TN:
SF:/Users/simoncoope/code/personal/AlexaSkills.WhoIsRight/src/intentHandler.js
FN:8,(anonymous_1)
FN:14,(anonymous_2)
FN:38,(anonymous_3)
FN:43,(anonymous_4)
FN:48,(anonymous_5)
FN:52,(anonymous_6)
FNF:6
FNH:6
FNDA:1,(anonymous_1)
FNDA:4,(anonymous_2)
FNDA:2,(anonymous_3)
FNDA:2,(anonymous_4)
FNDA:3,(anonymous_5)
FNDA:1,(anonymous_6)
DA:1,1
DA:2,1
DA:4,1
DA:5,1
DA:6,1
DA:8,1
DA:10,1
DA:11,1
DA:14,1
DA:15,4
DA:16,4
DA:17,4
DA:19,4
DA:21,2
DA:22,2
DA:25,2
DA:26,2
DA:27,2
DA:28,2
DA:29,2
DA:31,2
DA:32,2
DA:35,4
DA:38,1
DA:39,2
DA:40,2
DA:43,1
DA:44,2
DA:45,2
DA:48,1
DA:49,3
DA:52,1
DA:53,1
DA:56,1
LF:34
LH:34
BRDA:19,1,0,2
BRDA:19,1,1,2
BRDA:19,2,0,4
BRDA:19,2,1,3
BRDA:21,3,0,0
BRDA:21,3,1,2
BRDA:22,4,0,0
BRDA:22,4,1,2
BRF:8
BRH:6
end_of_record
TN:
SF:/Users/simoncoope/code/personal/AlexaSkills.WhoIsRight/src/prompts.js
FNF:0
FNH:0
DA:3,1
DA:44,1
LF:2
LH:2
BRF:0
BRH:0
end_of_record
TN:
SF:/Users/simoncoope/code/personal/AlexaSkills.WhoIsRight/src/utility.js
FN:3,(anonymous_1)
FN:5,(anonymous_2)
FN:10,(anonymous_3)
FNF:3
FNH:3
FNDA:22,(anonymous_1)
FNDA:32,(anonymous_2)
FNDA:4,(anonymous_3)
DA:1,1
DA:4,22
DA:5,22
DA:6,32
DA:11,4
DA:12,2
DA:14,2
DA:18,1
LF:8
LH:8
BRDA:6,1,0,32
BRDA:6,1,1,0
BRDA:11,2,0,2
BRDA:11,2,1,2
BRF:4
BRH:3
end_of_record
TN:
SF:/Users/simoncoope/code/personal/AlexaSkills.WhoIsRight/src/index.js
FNF:0
FNH:0
DA:3,1
DA:4,1
DA:5,1
DA:7,1
DA:22,1
DA:23,1
DA:24,1
DA:25,1
DA:26,1
DA:28,1
LF:10
LH:10
BRF:0
BRH:0
end_of_record
